22:43:13.379 [run-main-0] INFO  GenerateLogData$ - Log data generator started...
22:43:13.595 [run-main-0] WARN  HelperUtils.Parameters$ - Max count 100 is used to create records instead of timeouts
22:43:13.671 [scala-execution-context-global-180] WARN  HelperUtils.Parameters$ - s%]s,+2k|D}K7b/XCwG&@7HDPR8z
22:43:13.700 [scala-execution-context-global-180] INFO  HelperUtils.Parameters$ - ;kNI&V%v<c#eSDK@lPY(
22:43:13.729 [scala-execution-context-global-180] INFO  HelperUtils.Parameters$ - l9]|92!uHUQ/IVcz~(;.Uz%K*5jTUd08
22:43:13.745 [scala-execution-context-global-180] INFO  HelperUtils.Parameters$ - G3sw7^U<^q^Cl!aMTDbNz<:$;?e<.0JD_'
22:43:13.776 [scala-execution-context-global-180] WARN  HelperUtils.Parameters$ - A><YFqpg+~"E1T
22:43:13.822 [scala-execution-context-global-180] DEBUG HelperUtils.Parameters$ - JrQB;P0"&+6;&Dk-
22:43:13.837 [scala-execution-context-global-180] INFO  HelperUtils.Parameters$ - OsI1`qAeU5H;\+
22:43:13.853 [scala-execution-context-global-180] INFO  HelperUtils.Parameters$ - [h!Q9PEY>L(NpKLBO"Gjo:=4kRXQ_tZ!
22:43:13.869 [scala-execution-context-global-180] INFO  HelperUtils.Parameters$ - B?y&C"C5rsb:2037;f&|vM#x?z|Ny|&<44Z8B&rF1#&M
22:43:13.901 [scala-execution-context-global-180] WARN  HelperUtils.Parameters$ - x2oBSI0/\%CdfV2%ChSsnZ7vJo=2qJqZ%."kbc!0ne`y&m
22:43:13.930 [scala-execution-context-global-180] ERROR HelperUtils.Parameters$ - ihu}!A2]*07}|,lc
22:43:13.945 [scala-execution-context-global-180] INFO  HelperUtils.Parameters$ - CC]>~R#,^#0JWyESarZdETDcvk)Yk'I?
22:43:13.961 [scala-execution-context-global-180] WARN  HelperUtils.Parameters$ - Swq;g+6M:?820=Gmd#.p)sFaqoKc^mm](.A8Z-4-].tp|cfR\~rc(m^{
22:43:13.977 [scala-execution-context-global-180] INFO  HelperUtils.Parameters$ - zXK=Fze%-6Iv-^q{zhG|EUzvd);tOj-:
22:43:13.992 [scala-execution-context-global-180] INFO  HelperUtils.Parameters$ - ^<A>61@{3[KEk@M/Xh-q%sco3Dkwq~
22:43:14.007 [scala-execution-context-global-180] WARN  HelperUtils.Parameters$ - Bv^B8Re'$VG)[P".g*?f<G\l5n.18B|i<E&rgPQZ;wBeA{4O/fy+Pp
22:43:14.024 [scala-execution-context-global-180] WARN  HelperUtils.Parameters$ - k1H+R#/%d0>Q>N:6\enT]U
22:43:14.054 [scala-execution-context-global-180] INFO  HelperUtils.Parameters$ - 8G;,3m_T`G#H]&Yh:Ei1%fp''5`be2ae0C6ocf2G5vcg2%<Bqz8fMm#{JWqMdoc_2N/|wf8]
22:43:14.069 [scala-execution-context-global-180] DEBUG HelperUtils.Parameters$ - *w.bJA640<#{k3,ofB|~YWKbpHninKy[02BBb%?Y"r^q2l68|fzJgwBk
22:43:14.085 [scala-execution-context-global-180] WARN  HelperUtils.Parameters$ - d7F-?ni+qQ=N10%H6^)q7m$q1y|>,Ay6.t4U}/Q/.8K$)<6)v>
22:43:14.100 [scala-execution-context-global-180] INFO  HelperUtils.Parameters$ - !]I5*x`)h6V~cC4Tv_8IkvE{!x_5h7"MuVm|zs@SS%
22:43:14.116 [scala-execution-context-global-180] DEBUG HelperUtils.Parameters$ - q8iJEo`z;+^8RR]@Rys$uP:6/P|a=GX_zo0>"K
22:43:14.131 [scala-execution-context-global-180] INFO  HelperUtils.Parameters$ - ^3i3`45K6IJIk&I$&lz;&Y\-Z|ZMnm#jyTt-@hT@;31g
22:43:14.146 [scala-execution-context-global-180] INFO  HelperUtils.Parameters$ - Lt<tJNy.#D=}D@d55pe4aco9<jGd
22:43:14.163 [scala-execution-context-global-180] INFO  HelperUtils.Parameters$ - %2>n8OH<[D6FL[4Hzt=u
22:43:14.177 [scala-execution-context-global-180] INFO  HelperUtils.Parameters$ - Vy9_}NJ%V"HQ
22:43:14.193 [scala-execution-context-global-180] WARN  HelperUtils.Parameters$ - .Gq"DsHAjJ*qe*a7r)l)va4uZpDm#^+U3\~~7OlSm5
22:43:14.209 [scala-execution-context-global-180] INFO  HelperUtils.Parameters$ - XPam"O#Q(l?iqiCYaN*pra\'.>J"c5WHGk<U=)
22:43:14.223 [scala-execution-context-global-180] INFO  HelperUtils.Parameters$ - &!`53Jw5;a/@"}h\6xrVk@+iDW2[~[#G
22:43:14.239 [scala-execution-context-global-180] WARN  HelperUtils.Parameters$ - TjI!a?v,=fN\gdS~tSTN[jHC,e$qnK
22:43:14.256 [scala-execution-context-global-180] ERROR HelperUtils.Parameters$ - [FP#goNaa9GllLn^l`h{5"xv}{X9M0p52`oAlL;q7O<xBnILByOyU*+^WiT9
22:43:14.271 [scala-execution-context-global-180] WARN  HelperUtils.Parameters$ - |H')6,be1ae1ae0cf1X9lR8mce2af2D6mf9CAHR
22:43:14.286 [scala-execution-context-global-180] WARN  HelperUtils.Parameters$ - p-G1=&h'"v|,{M/ZGJN\_n=guw_ak=V}tojooeLpX@+F]n
22:43:14.302 [scala-execution-context-global-180] INFO  HelperUtils.Parameters$ - "bJ$!>4\56v+s;t'*k0a+YU9'|Mze%7'lJYED)4G{0Mlfn/'1s/z~U'jH4[D
22:43:14.317 [scala-execution-context-global-180] INFO  HelperUtils.Parameters$ - hNG\j4OY)"/<LFGl@!'P4a%,>"\gWYB]5%Gt73)Iked<
22:43:14.333 [scala-execution-context-global-180] INFO  HelperUtils.Parameters$ - [v'SX;<1SpM4UjS=b<BVfW1my`e%6f^QbE6>{EHi/[[\ow)Mb:ciR^p'h88p
22:43:14.348 [scala-execution-context-global-180] WARN  HelperUtils.Parameters$ - Y!d/(\_KtR6"ed'$)i-LA|>bGU:sZ(
22:43:14.363 [scala-execution-context-global-180] WARN  HelperUtils.Parameters$ - L=c[~|T0R)fs
22:43:14.379 [scala-execution-context-global-180] DEBUG HelperUtils.Parameters$ - !{NXq8"Oy=j2vB
22:43:14.395 [scala-execution-context-global-180] INFO  HelperUtils.Parameters$ - {ic?"EzmmERT*6?oTqlw&iY68PN3rTQ|t}`k*D_>9AU,flN8,/?O?}{[
22:43:14.410 [scala-execution-context-global-180] WARN  HelperUtils.Parameters$ - C)_ewiy+"6r}s))QP0.3Y'BCOpIIf\\fDEVI
22:43:14.426 [scala-execution-context-global-180] INFO  HelperUtils.Parameters$ - mj_@`2F}wC![pm''9,><w8:w4x<eth`SYRX{63v7(U"Dc1>E"^K)
22:43:14.441 [scala-execution-context-global-180] INFO  HelperUtils.Parameters$ - ZPnh^'F=/lxpFa^Z(zZ#.3GzmCyR&2B,71jr|%u6[]<t^X
22:43:14.457 [scala-execution-context-global-180] INFO  HelperUtils.Parameters$ - @)jJ}]u99>P!Gmh1H\Hk)z;MkzFY`1O6:QB//4w#b~>e}7#|[Yov
22:43:14.473 [scala-execution-context-global-180] DEBUG HelperUtils.Parameters$ - =^oS@BxFI7KP+gZ0n,0a6P:*W6cg(*3y]C)QAT1(K}YwIfl\
22:43:14.487 [scala-execution-context-global-180] WARN  HelperUtils.Parameters$ - OdN]T5g/l,SG&HNJ4WDP;n5ZgK8-
22:43:14.503 [scala-execution-context-global-180] INFO  HelperUtils.Parameters$ - =>_.cq3WFahH*!
22:43:14.518 [scala-execution-context-global-180] INFO  HelperUtils.Parameters$ - 9TL4LLdC4Yy%6^#d}1/[w]nbNa"hHB]#fza9q?s}+X2j83M6sv"=zR1s
22:43:14.535 [scala-execution-context-global-180] INFO  HelperUtils.Parameters$ - 2MC%%D*3?`fqZ(qCC|jIzSAj[D;-Gi5%=lLH}Th5]z
22:43:14.550 [scala-execution-context-global-180] INFO  HelperUtils.Parameters$ - t^FtB(!:%"xq`YKcpYN$F7OO[=M1QI+Esn_D
22:43:14.565 [scala-execution-context-global-180] INFO  HelperUtils.Parameters$ - }sm`(M5E=\Yl~cwmtIqozWy?Da%=&?t/:#FH
22:43:14.581 [scala-execution-context-global-180] INFO  HelperUtils.Parameters$ - u7@C$VTYXOe?Uxt"\E@~5x/,<O]RR~7*-"Qnh.)=,?lw75_\J}
22:43:14.596 [scala-execution-context-global-180] INFO  HelperUtils.Parameters$ - $!0%#g%K!PmES[;m/aE=#6ZR0y@Ty#=:^@{D
22:43:14.612 [scala-execution-context-global-180] INFO  HelperUtils.Parameters$ - 8OKSYyP44c.mZ<p=<)N7T}sq!nMKInWF47?3/}
22:43:14.628 [scala-execution-context-global-180] WARN  HelperUtils.Parameters$ - lTpcvNt)\n=v^ddkqisn{q2@w|_M/*"c^ZF"PBMH`}^&aK{R<?`ZK.?f
22:43:14.643 [scala-execution-context-global-180] WARN  HelperUtils.Parameters$ - `R8*b_Gg&bUS=Y0!%\iI?,5"aE'71ZMkV^+A}qo'E`tKQ&z{OZ&\LgRu
22:43:14.658 [scala-execution-context-global-180] INFO  HelperUtils.Parameters$ - oY=csy3c&dk3X_dr/U3T"n)K{f-94moSaK}?]LG^
22:43:14.673 [scala-execution-context-global-180] INFO  HelperUtils.Parameters$ - 9Xfzj*\]VsqNDz#/??#U
22:43:14.689 [scala-execution-context-global-180] WARN  HelperUtils.Parameters$ - 0Hs\el]'{<,d/odLvA-*m,3h*A3,}4`h3<kRgUj=(yMH}!bNNQfiqdW{m#
22:43:14.705 [scala-execution-context-global-180] WARN  HelperUtils.Parameters$ - =}5W1:Hb}ZCg_+:lOzO(uRY9cUa*x!p:dZ"O
22:43:14.720 [scala-execution-context-global-180] INFO  HelperUtils.Parameters$ - <:<Z*\(.uLWE"lq+2O?lc;nz}^D9%m
22:43:14.736 [scala-execution-context-global-180] INFO  HelperUtils.Parameters$ - Y;r!-&>jS!%|U}cg2I7rV7scf1F6i%\L<tgsTy0B/tg
22:43:14.751 [scala-execution-context-global-180] INFO  HelperUtils.Parameters$ - )};Ic94?pRvUK>/(tPLz^F^8+!KoX\LReJCU3Xgxfb).i0
22:43:14.766 [scala-execution-context-global-180] DEBUG HelperUtils.Parameters$ - !(d!S.K\5<T.8IBpdvz8ZI'`p|PaX0)!
22:43:14.782 [scala-execution-context-global-180] INFO  HelperUtils.Parameters$ - 4IozTA./Jvk_4kRd6,\E7UQkZ/M.p&:HL5'*
22:43:14.798 [scala-execution-context-global-180] INFO  HelperUtils.Parameters$ - V?VC=C-TD9|E&g2l9NA'a>?be0be1L8kbf0bg3"|r(Jt/H[``O*3*Y6>Z3VRB
22:43:14.813 [scala-execution-context-global-180] INFO  HelperUtils.Parameters$ - 'BMDWxF!;MM0!-|w
22:43:14.829 [scala-execution-context-global-180] INFO  HelperUtils.Parameters$ - ;bK8dyt@Ir,R#QU@.*3_
22:43:14.844 [scala-execution-context-global-180] INFO  HelperUtils.Parameters$ - a.CY"OXY#=4yZ$TePz3r>K
22:43:14.859 [scala-execution-context-global-180] INFO  HelperUtils.Parameters$ - ![Gu:u&Bp2qbTTYW
22:43:14.875 [scala-execution-context-global-180] WARN  HelperUtils.Parameters$ - aF0C0KL8<?I@Q#b+ol35Pe^.r'?\eY9<
22:43:14.891 [scala-execution-context-global-180] INFO  HelperUtils.Parameters$ - @_-cI[i&X+0+0I0![;EyqvD$AMVx(zL"z(Bf9W*X7=
22:43:14.906 [scala-execution-context-global-180] WARN  HelperUtils.Parameters$ - m_5Pa2e1sDce2B7kae2cf2J9rC7sJ7pF9kU5kF9rbe3Q9pE6hG6hag2jg?$U*;0K2
22:43:14.921 [scala-execution-context-global-180] INFO  HelperUtils.Parameters$ - 2d|Xt,ng*yHb;cTQ#h]4mW6k
22:43:14.937 [scala-execution-context-global-180] INFO  HelperUtils.Parameters$ - <s?R`n5x$ER13r~BJUwB)uL7zR-1'zq*YcbQ.A`<6>QQ6CM[[H?C
22:43:14.953 [scala-execution-context-global-180] INFO  HelperUtils.Parameters$ - 9%1Jy^PAyqOiNq#5]C3>Y)aYFw_&!A-[KAX>a*qu:"
22:43:14.967 [scala-execution-context-global-180] INFO  HelperUtils.Parameters$ - 1OG&@lIp`L-!xSE\kq&up@xJ
22:43:14.984 [scala-execution-context-global-180] WARN  HelperUtils.Parameters$ - .4"Yd=S"ocNL_+c~jVn+1IP;k4#Z8R>q8)ggOX+1v;r=TDLa4]qL:x
22:43:14.999 [scala-execution-context-global-180] INFO  HelperUtils.Parameters$ - ORfE^%&Wgo)4R*W5}6+Q]?$hm@1-K94P
22:43:15.015 [scala-execution-context-global-180] INFO  HelperUtils.Parameters$ - USA;*_aQ6jG7poVto;:6Kky}jl5:v4Mb\L\N;.zjA1zlHnZ[yr$1
22:43:15.029 [scala-execution-context-global-180] INFO  HelperUtils.Parameters$ - rx!P+c[Ea5LO)s/o
22:43:15.045 [scala-execution-context-global-180] INFO  HelperUtils.Parameters$ - rJ8s,>/n?Ig~QyGS>f/T.TOA?hef*>_voyYma_QCw$/b
22:43:15.061 [scala-execution-context-global-180] WARN  HelperUtils.Parameters$ - LL'qwX{r$}3>Z+t[]TR]qGHv,llii=ML*1JH<t3q]u]'dZ9ZEGo3[0+\
22:43:15.077 [scala-execution-context-global-180] INFO  HelperUtils.Parameters$ - AmGa}]+n*i`+jn{/I?pPGJin/#f`Bi3nk&!Wu6'@fIy\.~139D
22:43:15.092 [scala-execution-context-global-180] WARN  HelperUtils.Parameters$ - Qh{-?5?}sB}o@o.(8M)M',0%nC&|c6
22:43:15.108 [scala-execution-context-global-180] WARN  HelperUtils.Parameters$ - 8Od][r\f96l1>3b/lQrOlvaZq+
22:43:15.123 [scala-execution-context-global-180] INFO  HelperUtils.Parameters$ - Ogjq<)FF#VR`xF8U;H
22:43:15.138 [scala-execution-context-global-180] INFO  HelperUtils.Parameters$ - @|Y]E7M`1t+Nq=??#G*t@R/,h3F6*3OVdE]w;ApP@CgW[P
22:43:15.154 [scala-execution-context-global-180] INFO  HelperUtils.Parameters$ - u);.,k#'uq<0zQeTReA%6*c_e6MLaN
22:43:15.171 [scala-execution-context-global-180] INFO  HelperUtils.Parameters$ - oMjaL\a-UCbn\kn~
22:43:15.200 [scala-execution-context-global-180] INFO  HelperUtils.Parameters$ - >waQ:niq3_o?DT;.$!r"_fmd
22:43:15.215 [scala-execution-context-global-180] INFO  HelperUtils.Parameters$ - 2CQ%>m~2%I8%V^TmQcDUP5
22:43:15.231 [scala-execution-context-global-180] INFO  HelperUtils.Parameters$ - !\*oAD-@m5PFh,d-7Y')dT~3H$,nyM!4DGpgo^DWe]
22:43:15.246 [scala-execution-context-global-180] INFO  HelperUtils.Parameters$ - A"yjfqXiJp[{
22:43:15.262 [scala-execution-context-global-180] WARN  HelperUtils.Parameters$ - Krln,srSiSsf*Gs(d>$oKJy$we,LpgN{"Xa5?!(cDTq{&(5>
22:43:15.277 [scala-execution-context-global-180] WARN  HelperUtils.Parameters$ - *2\'2ILO8Sz,/Wl"=z[ctPW<OT
22:43:15.292 [scala-execution-context-global-180] INFO  HelperUtils.Parameters$ - &1p9Jx||YXD\
22:43:15.308 [scala-execution-context-global-180] INFO  HelperUtils.Parameters$ - G(U_kQ(+JxN:N'D%}a=XOc6/Sas<F:vpBVkY?/
22:43:15.324 [scala-execution-context-global-180] DEBUG HelperUtils.Parameters$ - }uR<W1`DI^VT,PZg^NWy2R%P,7z|C1K/\Y1En\o-~ie:N4ek+jDN
22:43:15.339 [scala-execution-context-global-180] INFO  HelperUtils.Parameters$ - (`,#&FQR*81.'?!H2A5YdU2K3TZ=3-;A(@#bZ*+l+JaMf?q:vy9txq*Ho1F)
22:43:15.340 [run-main-0] INFO  GenerateLogData$ - Log data generation has completed after generating 100 records.
